0 info it worked if it ends with ok
1 verbose cli [ '/home/bonuspunkt/local/node/bin/node',
1 verbose cli   '/home/bonuspunkt/local/node/bin/npm',
1 verbose cli   'adduser' ]
2 info using npm@1.1.48
3 info using node@v0.8.6
4 verbose config file /home/bonuspunkt/.npmrc
5 verbose config file /home/bonuspunkt/local/node/etc/npmrc
6 verbose config file /home/bonuspunkt/local/node/lib/node_modules/npm/npmrc
7 error Error: canceled
7 error     at Interface.<anonymous> (/home/bonuspunkt/local/node/lib/node_modules/npm/node_modules/read/lib/read.js:53:13)
7 error     at Interface.EventEmitter.emit (events.js:115:20)
7 error     at Interface._ttyWrite (readline.js:606:16)
7 error     at ReadStream.onkeypress (readline.js:98:10)
7 error     at ReadStream.EventEmitter.emit (events.js:115:20)
7 error     at emitKey (readline.js:1057:12)
7 error     at ReadStream.onData (readline.js:806:7)
7 error     at ReadStream.EventEmitter.emit (events.js:88:17)
7 error     at TTY.onread (net.js:395:14)
8 error If you need help, you may report this log at:
8 error     <http://github.com/isaacs/npm/issues>
8 error or email it to:
8 error     <npm-@googlegroups.com>
9 error System Linux 3.5.0-17-generic
10 error command "/home/bonuspunkt/local/node/bin/node" "/home/bonuspunkt/local/node/bin/npm" "adduser"
11 error cwd /home/bonuspunkt/repos/jsUG/2012-10-29
12 error node -v v0.8.6
13 error npm -v 1.1.48
14 verbose exit [ 1, true ]
